ARM GAS  C:\Users\WINDOW~1\AppData\Local\Temp\cc8ZHR6u.s 			page 1


   1              		.cpu cortex-m3
   2              		.arch armv7-m
   3              		.fpu softvfp
   4              		.eabi_attribute 20, 1
   5              		.eabi_attribute 21, 1
   6              		.eabi_attribute 23, 3
   7              		.eabi_attribute 24, 1
   8              		.eabi_attribute 25, 1
   9              		.eabi_attribute 26, 1
  10              		.eabi_attribute 30, 1
  11              		.eabi_attribute 34, 1
  12              		.eabi_attribute 18, 4
  13              		.file	"stm32f1xx_it.c"
  14              		.text
  15              	.Ltext0:
  16              		.cfi_sections	.debug_frame
  17              		.section	.text.NMI_Handler,"ax",%progbits
  18              		.align	1
  19              		.global	NMI_Handler
  20              		.syntax unified
  21              		.thumb
  22              		.thumb_func
  24              	NMI_Handler:
  25              	.LFB65:
  26              		.file 1 "Core/Src/stm32f1xx_it.c"
   1:Core/Src/stm32f1xx_it.c **** /* USER CODE BEGIN Header */
   2:Core/Src/stm32f1xx_it.c **** /**
   3:Core/Src/stm32f1xx_it.c ****   ******************************************************************************
   4:Core/Src/stm32f1xx_it.c ****   * @file    stm32f1xx_it.c
   5:Core/Src/stm32f1xx_it.c ****   * @brief   Interrupt Service Routines.
   6:Core/Src/stm32f1xx_it.c ****   ******************************************************************************
   7:Core/Src/stm32f1xx_it.c ****   * @attention
   8:Core/Src/stm32f1xx_it.c ****   *
   9:Core/Src/stm32f1xx_it.c ****   * <h2><center>&copy; Copyright (c) 2022 STMicroelectronics.
  10:Core/Src/stm32f1xx_it.c ****   * All rights reserved.</center></h2>
  11:Core/Src/stm32f1xx_it.c ****   *
  12:Core/Src/stm32f1xx_it.c ****   * This software component is licensed by ST under BSD 3-Clause license,
  13:Core/Src/stm32f1xx_it.c ****   * the "License"; You may not use this file except in compliance with the
  14:Core/Src/stm32f1xx_it.c ****   * License. You may obtain a copy of the License at:
  15:Core/Src/stm32f1xx_it.c ****   *                        opensource.org/licenses/BSD-3-Clause
  16:Core/Src/stm32f1xx_it.c ****   *
  17:Core/Src/stm32f1xx_it.c ****   ******************************************************************************
  18:Core/Src/stm32f1xx_it.c ****   */
  19:Core/Src/stm32f1xx_it.c **** /* USER CODE END Header */
  20:Core/Src/stm32f1xx_it.c **** 
  21:Core/Src/stm32f1xx_it.c **** /* Includes ------------------------------------------------------------------*/
  22:Core/Src/stm32f1xx_it.c **** #include "main.h"
  23:Core/Src/stm32f1xx_it.c **** #include "stm32f1xx_it.h"
  24:Core/Src/stm32f1xx_it.c **** /* Private includes ----------------------------------------------------------*/
  25:Core/Src/stm32f1xx_it.c **** /* USER CODE BEGIN Includes */
  26:Core/Src/stm32f1xx_it.c **** /* USER CODE END Includes */
  27:Core/Src/stm32f1xx_it.c **** 
  28:Core/Src/stm32f1xx_it.c **** /* Private typedef -----------------------------------------------------------*/
  29:Core/Src/stm32f1xx_it.c **** /* USER CODE BEGIN TD */
  30:Core/Src/stm32f1xx_it.c **** 
  31:Core/Src/stm32f1xx_it.c **** /* USER CODE END TD */
  32:Core/Src/stm32f1xx_it.c **** 
ARM GAS  C:\Users\WINDOW~1\AppData\Local\Temp\cc8ZHR6u.s 			page 2


  33:Core/Src/stm32f1xx_it.c **** /* Private define ------------------------------------------------------------*/
  34:Core/Src/stm32f1xx_it.c **** /* USER CODE BEGIN PD */
  35:Core/Src/stm32f1xx_it.c **** 
  36:Core/Src/stm32f1xx_it.c **** /* USER CODE END PD */
  37:Core/Src/stm32f1xx_it.c **** 
  38:Core/Src/stm32f1xx_it.c **** /* Private macro -------------------------------------------------------------*/
  39:Core/Src/stm32f1xx_it.c **** /* USER CODE BEGIN PM */
  40:Core/Src/stm32f1xx_it.c **** 
  41:Core/Src/stm32f1xx_it.c **** /* USER CODE END PM */
  42:Core/Src/stm32f1xx_it.c **** 
  43:Core/Src/stm32f1xx_it.c **** /* Private variables ---------------------------------------------------------*/
  44:Core/Src/stm32f1xx_it.c **** /* USER CODE BEGIN PV */
  45:Core/Src/stm32f1xx_it.c **** 
  46:Core/Src/stm32f1xx_it.c **** /* USER CODE END PV */
  47:Core/Src/stm32f1xx_it.c **** 
  48:Core/Src/stm32f1xx_it.c **** /* Private function prototypes -----------------------------------------------*/
  49:Core/Src/stm32f1xx_it.c **** /* USER CODE BEGIN PFP */
  50:Core/Src/stm32f1xx_it.c **** 
  51:Core/Src/stm32f1xx_it.c **** /* USER CODE END PFP */
  52:Core/Src/stm32f1xx_it.c **** 
  53:Core/Src/stm32f1xx_it.c **** /* Private user code ---------------------------------------------------------*/
  54:Core/Src/stm32f1xx_it.c **** /* USER CODE BEGIN 0 */
  55:Core/Src/stm32f1xx_it.c **** 
  56:Core/Src/stm32f1xx_it.c **** /* USER CODE END 0 */
  57:Core/Src/stm32f1xx_it.c **** 
  58:Core/Src/stm32f1xx_it.c **** /* External variables --------------------------------------------------------*/
  59:Core/Src/stm32f1xx_it.c **** extern TIM_HandleTypeDef htim2;
  60:Core/Src/stm32f1xx_it.c **** extern UART_HandleTypeDef huart1;
  61:Core/Src/stm32f1xx_it.c **** /* USER CODE BEGIN EV */
  62:Core/Src/stm32f1xx_it.c **** 
  63:Core/Src/stm32f1xx_it.c **** /* USER CODE END EV */
  64:Core/Src/stm32f1xx_it.c **** 
  65:Core/Src/stm32f1xx_it.c **** /******************************************************************************/
  66:Core/Src/stm32f1xx_it.c **** /*           Cortex-M3 Processor Interruption and Exception Handlers          */
  67:Core/Src/stm32f1xx_it.c **** /******************************************************************************/
  68:Core/Src/stm32f1xx_it.c **** /**
  69:Core/Src/stm32f1xx_it.c ****   * @brief This function handles Non maskable interrupt.
  70:Core/Src/stm32f1xx_it.c ****   */
  71:Core/Src/stm32f1xx_it.c **** void NMI_Handler(void)
  72:Core/Src/stm32f1xx_it.c **** {
  27              		.loc 1 72 1 view -0
  28              		.cfi_startproc
  29              		@ args = 0, pretend = 0, frame = 0
  30              		@ frame_needed = 0, uses_anonymous_args = 0
  31              		@ link register save eliminated.
  73:Core/Src/stm32f1xx_it.c ****   /* USER CODE BEGIN NonMaskableInt_IRQn 0 */
  74:Core/Src/stm32f1xx_it.c **** 
  75:Core/Src/stm32f1xx_it.c ****   /* USER CODE END NonMaskableInt_IRQn 0 */
  76:Core/Src/stm32f1xx_it.c ****   /* USER CODE BEGIN NonMaskableInt_IRQn 1 */
  77:Core/Src/stm32f1xx_it.c **** 
  78:Core/Src/stm32f1xx_it.c ****   /* USER CODE END NonMaskableInt_IRQn 1 */
  79:Core/Src/stm32f1xx_it.c **** }
  32              		.loc 1 79 1 view .LVU1
  33 0000 7047     		bx	lr
  34              		.cfi_endproc
  35              	.LFE65:
  37              		.section	.text.HardFault_Handler,"ax",%progbits
ARM GAS  C:\Users\WINDOW~1\AppData\Local\Temp\cc8ZHR6u.s 			page 3


  38              		.align	1
  39              		.global	HardFault_Handler
  40              		.syntax unified
  41              		.thumb
  42              		.thumb_func
  44              	HardFault_Handler:
  45              	.LFB66:
  80:Core/Src/stm32f1xx_it.c **** 
  81:Core/Src/stm32f1xx_it.c **** /**
  82:Core/Src/stm32f1xx_it.c ****   * @brief This function handles Hard fault interrupt.
  83:Core/Src/stm32f1xx_it.c ****   */
  84:Core/Src/stm32f1xx_it.c **** void HardFault_Handler(void)
  85:Core/Src/stm32f1xx_it.c **** {
  46              		.loc 1 85 1 view -0
  47              		.cfi_startproc
  48              		@ Volatile: function does not return.
  49              		@ args = 0, pretend = 0, frame = 0
  50              		@ frame_needed = 0, uses_anonymous_args = 0
  51              		@ link register save eliminated.
  52              	.L3:
  86:Core/Src/stm32f1xx_it.c ****   /* USER CODE BEGIN HardFault_IRQn 0 */
  87:Core/Src/stm32f1xx_it.c **** 
  88:Core/Src/stm32f1xx_it.c ****   /* USER CODE END HardFault_IRQn 0 */
  89:Core/Src/stm32f1xx_it.c ****   while (1)
  53              		.loc 1 89 3 discriminator 1 view .LVU3
  90:Core/Src/stm32f1xx_it.c ****   {
  91:Core/Src/stm32f1xx_it.c ****     /* USER CODE BEGIN W1_HardFault_IRQn 0 */
  92:Core/Src/stm32f1xx_it.c ****     /* USER CODE END W1_HardFault_IRQn 0 */
  93:Core/Src/stm32f1xx_it.c ****   }
  54              		.loc 1 93 3 discriminator 1 view .LVU4
  89:Core/Src/stm32f1xx_it.c ****   {
  55              		.loc 1 89 9 discriminator 1 view .LVU5
  56 0000 FEE7     		b	.L3
  57              		.cfi_endproc
  58              	.LFE66:
  60              		.section	.text.MemManage_Handler,"ax",%progbits
  61              		.align	1
  62              		.global	MemManage_Handler
  63              		.syntax unified
  64              		.thumb
  65              		.thumb_func
  67              	MemManage_Handler:
  68              	.LFB67:
  94:Core/Src/stm32f1xx_it.c **** }
  95:Core/Src/stm32f1xx_it.c **** 
  96:Core/Src/stm32f1xx_it.c **** /**
  97:Core/Src/stm32f1xx_it.c ****   * @brief This function handles Memory management fault.
  98:Core/Src/stm32f1xx_it.c ****   */
  99:Core/Src/stm32f1xx_it.c **** void MemManage_Handler(void)
 100:Core/Src/stm32f1xx_it.c **** {
  69              		.loc 1 100 1 view -0
  70              		.cfi_startproc
  71              		@ Volatile: function does not return.
  72              		@ args = 0, pretend = 0, frame = 0
  73              		@ frame_needed = 0, uses_anonymous_args = 0
  74              		@ link register save eliminated.
  75              	.L5:
ARM GAS  C:\Users\WINDOW~1\AppData\Local\Temp\cc8ZHR6u.s 			page 4


 101:Core/Src/stm32f1xx_it.c ****   /* USER CODE BEGIN MemoryManagement_IRQn 0 */
 102:Core/Src/stm32f1xx_it.c **** 
 103:Core/Src/stm32f1xx_it.c ****   /* USER CODE END MemoryManagement_IRQn 0 */
 104:Core/Src/stm32f1xx_it.c ****   while (1)
  76              		.loc 1 104 3 discriminator 1 view .LVU7
 105:Core/Src/stm32f1xx_it.c ****   {
 106:Core/Src/stm32f1xx_it.c ****     /* USER CODE BEGIN W1_MemoryManagement_IRQn 0 */
 107:Core/Src/stm32f1xx_it.c ****     /* USER CODE END W1_MemoryManagement_IRQn 0 */
 108:Core/Src/stm32f1xx_it.c ****   }
  77              		.loc 1 108 3 discriminator 1 view .LVU8
 104:Core/Src/stm32f1xx_it.c ****   {
  78              		.loc 1 104 9 discriminator 1 view .LVU9
  79 0000 FEE7     		b	.L5
  80              		.cfi_endproc
  81              	.LFE67:
  83              		.section	.text.BusFault_Handler,"ax",%progbits
  84              		.align	1
  85              		.global	BusFault_Handler
  86              		.syntax unified
  87              		.thumb
  88              		.thumb_func
  90              	BusFault_Handler:
  91              	.LFB68:
 109:Core/Src/stm32f1xx_it.c **** }
 110:Core/Src/stm32f1xx_it.c **** 
 111:Core/Src/stm32f1xx_it.c **** /**
 112:Core/Src/stm32f1xx_it.c ****   * @brief This function handles Prefetch fault, memory access fault.
 113:Core/Src/stm32f1xx_it.c ****   */
 114:Core/Src/stm32f1xx_it.c **** void BusFault_Handler(void)
 115:Core/Src/stm32f1xx_it.c **** {
  92              		.loc 1 115 1 view -0
  93              		.cfi_startproc
  94              		@ Volatile: function does not return.
  95              		@ args = 0, pretend = 0, frame = 0
  96              		@ frame_needed = 0, uses_anonymous_args = 0
  97              		@ link register save eliminated.
  98              	.L7:
 116:Core/Src/stm32f1xx_it.c ****   /* USER CODE BEGIN BusFault_IRQn 0 */
 117:Core/Src/stm32f1xx_it.c **** 
 118:Core/Src/stm32f1xx_it.c ****   /* USER CODE END BusFault_IRQn 0 */
 119:Core/Src/stm32f1xx_it.c ****   while (1)
  99              		.loc 1 119 3 discriminator 1 view .LVU11
 120:Core/Src/stm32f1xx_it.c ****   {
 121:Core/Src/stm32f1xx_it.c ****     /* USER CODE BEGIN W1_BusFault_IRQn 0 */
 122:Core/Src/stm32f1xx_it.c ****     /* USER CODE END W1_BusFault_IRQn 0 */
 123:Core/Src/stm32f1xx_it.c ****   }
 100              		.loc 1 123 3 discriminator 1 view .LVU12
 119:Core/Src/stm32f1xx_it.c ****   {
 101              		.loc 1 119 9 discriminator 1 view .LVU13
 102 0000 FEE7     		b	.L7
 103              		.cfi_endproc
 104              	.LFE68:
 106              		.section	.text.UsageFault_Handler,"ax",%progbits
 107              		.align	1
 108              		.global	UsageFault_Handler
 109              		.syntax unified
 110              		.thumb
ARM GAS  C:\Users\WINDOW~1\AppData\Local\Temp\cc8ZHR6u.s 			page 5


 111              		.thumb_func
 113              	UsageFault_Handler:
 114              	.LFB69:
 124:Core/Src/stm32f1xx_it.c **** }
 125:Core/Src/stm32f1xx_it.c **** 
 126:Core/Src/stm32f1xx_it.c **** /**
 127:Core/Src/stm32f1xx_it.c ****   * @brief This function handles Undefined instruction or illegal state.
 128:Core/Src/stm32f1xx_it.c ****   */
 129:Core/Src/stm32f1xx_it.c **** void UsageFault_Handler(void)
 130:Core/Src/stm32f1xx_it.c **** {
 115              		.loc 1 130 1 view -0
 116              		.cfi_startproc
 117              		@ Volatile: function does not return.
 118              		@ args = 0, pretend = 0, frame = 0
 119              		@ frame_needed = 0, uses_anonymous_args = 0
 120              		@ link register save eliminated.
 121              	.L9:
 131:Core/Src/stm32f1xx_it.c ****   /* USER CODE BEGIN UsageFault_IRQn 0 */
 132:Core/Src/stm32f1xx_it.c **** 
 133:Core/Src/stm32f1xx_it.c ****   /* USER CODE END UsageFault_IRQn 0 */
 134:Core/Src/stm32f1xx_it.c ****   while (1)
 122              		.loc 1 134 3 discriminator 1 view .LVU15
 135:Core/Src/stm32f1xx_it.c ****   {
 136:Core/Src/stm32f1xx_it.c ****     /* USER CODE BEGIN W1_UsageFault_IRQn 0 */
 137:Core/Src/stm32f1xx_it.c ****     /* USER CODE END W1_UsageFault_IRQn 0 */
 138:Core/Src/stm32f1xx_it.c ****   }
 123              		.loc 1 138 3 discriminator 1 view .LVU16
 134:Core/Src/stm32f1xx_it.c ****   {
 124              		.loc 1 134 9 discriminator 1 view .LVU17
 125 0000 FEE7     		b	.L9
 126              		.cfi_endproc
 127              	.LFE69:
 129              		.section	.text.SVC_Handler,"ax",%progbits
 130              		.align	1
 131              		.global	SVC_Handler
 132              		.syntax unified
 133              		.thumb
 134              		.thumb_func
 136              	SVC_Handler:
 137              	.LFB70:
 139:Core/Src/stm32f1xx_it.c **** }
 140:Core/Src/stm32f1xx_it.c **** 
 141:Core/Src/stm32f1xx_it.c **** /**
 142:Core/Src/stm32f1xx_it.c ****   * @brief This function handles System service call via SWI instruction.
 143:Core/Src/stm32f1xx_it.c ****   */
 144:Core/Src/stm32f1xx_it.c **** void SVC_Handler(void)
 145:Core/Src/stm32f1xx_it.c **** {
 138              		.loc 1 145 1 view -0
 139              		.cfi_startproc
 140              		@ args = 0, pretend = 0, frame = 0
 141              		@ frame_needed = 0, uses_anonymous_args = 0
 142              		@ link register save eliminated.
 146:Core/Src/stm32f1xx_it.c ****   /* USER CODE BEGIN SVCall_IRQn 0 */
 147:Core/Src/stm32f1xx_it.c **** 
 148:Core/Src/stm32f1xx_it.c ****   /* USER CODE END SVCall_IRQn 0 */
 149:Core/Src/stm32f1xx_it.c ****   /* USER CODE BEGIN SVCall_IRQn 1 */
 150:Core/Src/stm32f1xx_it.c **** 
ARM GAS  C:\Users\WINDOW~1\AppData\Local\Temp\cc8ZHR6u.s 			page 6


 151:Core/Src/stm32f1xx_it.c ****   /* USER CODE END SVCall_IRQn 1 */
 152:Core/Src/stm32f1xx_it.c **** }
 143              		.loc 1 152 1 view .LVU19
 144 0000 7047     		bx	lr
 145              		.cfi_endproc
 146              	.LFE70:
 148              		.section	.text.DebugMon_Handler,"ax",%progbits
 149              		.align	1
 150              		.global	DebugMon_Handler
 151              		.syntax unified
 152              		.thumb
 153              		.thumb_func
 155              	DebugMon_Handler:
 156              	.LFB71:
 153:Core/Src/stm32f1xx_it.c **** 
 154:Core/Src/stm32f1xx_it.c **** /**
 155:Core/Src/stm32f1xx_it.c ****   * @brief This function handles Debug monitor.
 156:Core/Src/stm32f1xx_it.c ****   */
 157:Core/Src/stm32f1xx_it.c **** void DebugMon_Handler(void)
 158:Core/Src/stm32f1xx_it.c **** {
 157              		.loc 1 158 1 view -0
 158              		.cfi_startproc
 159              		@ args = 0, pretend = 0, frame = 0
 160              		@ frame_needed = 0, uses_anonymous_args = 0
 161              		@ link register save eliminated.
 159:Core/Src/stm32f1xx_it.c ****   /* USER CODE BEGIN DebugMonitor_IRQn 0 */
 160:Core/Src/stm32f1xx_it.c **** 
 161:Core/Src/stm32f1xx_it.c ****   /* USER CODE END DebugMonitor_IRQn 0 */
 162:Core/Src/stm32f1xx_it.c ****   /* USER CODE BEGIN DebugMonitor_IRQn 1 */
 163:Core/Src/stm32f1xx_it.c **** 
 164:Core/Src/stm32f1xx_it.c ****   /* USER CODE END DebugMonitor_IRQn 1 */
 165:Core/Src/stm32f1xx_it.c **** }
 162              		.loc 1 165 1 view .LVU21
 163 0000 7047     		bx	lr
 164              		.cfi_endproc
 165              	.LFE71:
 167              		.section	.text.PendSV_Handler,"ax",%progbits
 168              		.align	1
 169              		.global	PendSV_Handler
 170              		.syntax unified
 171              		.thumb
 172              		.thumb_func
 174              	PendSV_Handler:
 175              	.LFB72:
 166:Core/Src/stm32f1xx_it.c **** 
 167:Core/Src/stm32f1xx_it.c **** /**
 168:Core/Src/stm32f1xx_it.c ****   * @brief This function handles Pendable request for system service.
 169:Core/Src/stm32f1xx_it.c ****   */
 170:Core/Src/stm32f1xx_it.c **** void PendSV_Handler(void)
 171:Core/Src/stm32f1xx_it.c **** {
 176              		.loc 1 171 1 view -0
 177              		.cfi_startproc
 178              		@ args = 0, pretend = 0, frame = 0
 179              		@ frame_needed = 0, uses_anonymous_args = 0
 180              		@ link register save eliminated.
 172:Core/Src/stm32f1xx_it.c ****   /* USER CODE BEGIN PendSV_IRQn 0 */
 173:Core/Src/stm32f1xx_it.c **** 
ARM GAS  C:\Users\WINDOW~1\AppData\Local\Temp\cc8ZHR6u.s 			page 7


 174:Core/Src/stm32f1xx_it.c ****   /* USER CODE END PendSV_IRQn 0 */
 175:Core/Src/stm32f1xx_it.c ****   /* USER CODE BEGIN PendSV_IRQn 1 */
 176:Core/Src/stm32f1xx_it.c **** 
 177:Core/Src/stm32f1xx_it.c ****   /* USER CODE END PendSV_IRQn 1 */
 178:Core/Src/stm32f1xx_it.c **** }
 181              		.loc 1 178 1 view .LVU23
 182 0000 7047     		bx	lr
 183              		.cfi_endproc
 184              	.LFE72:
 186              		.section	.text.SysTick_Handler,"ax",%progbits
 187              		.align	1
 188              		.global	SysTick_Handler
 189              		.syntax unified
 190              		.thumb
 191              		.thumb_func
 193              	SysTick_Handler:
 194              	.LFB73:
 179:Core/Src/stm32f1xx_it.c **** 
 180:Core/Src/stm32f1xx_it.c **** /**
 181:Core/Src/stm32f1xx_it.c ****   * @brief This function handles System tick timer.
 182:Core/Src/stm32f1xx_it.c ****   */
 183:Core/Src/stm32f1xx_it.c **** void SysTick_Handler(void)
 184:Core/Src/stm32f1xx_it.c **** {
 195              		.loc 1 184 1 view -0
 196              		.cfi_startproc
 197              		@ args = 0, pretend = 0, frame = 0
 198              		@ frame_needed = 0, uses_anonymous_args = 0
 199 0000 08B5     		push	{r3, lr}
 200              	.LCFI0:
 201              		.cfi_def_cfa_offset 8
 202              		.cfi_offset 3, -8
 203              		.cfi_offset 14, -4
 185:Core/Src/stm32f1xx_it.c ****   /* USER CODE BEGIN SysTick_IRQn 0 */
 186:Core/Src/stm32f1xx_it.c **** 
 187:Core/Src/stm32f1xx_it.c ****   /* USER CODE END SysTick_IRQn 0 */
 188:Core/Src/stm32f1xx_it.c ****   HAL_IncTick();
 204              		.loc 1 188 3 view .LVU25
 205 0002 FFF7FEFF 		bl	HAL_IncTick
 206              	.LVL0:
 189:Core/Src/stm32f1xx_it.c ****   /* USER CODE BEGIN SysTick_IRQn 1 */
 190:Core/Src/stm32f1xx_it.c **** 
 191:Core/Src/stm32f1xx_it.c ****   /* USER CODE END SysTick_IRQn 1 */
 192:Core/Src/stm32f1xx_it.c **** }
 207              		.loc 1 192 1 is_stmt 0 view .LVU26
 208 0006 08BD     		pop	{r3, pc}
 209              		.cfi_endproc
 210              	.LFE73:
 212              		.section	.text.TIM2_IRQHandler,"ax",%progbits
 213              		.align	1
 214              		.global	TIM2_IRQHandler
 215              		.syntax unified
 216              		.thumb
 217              		.thumb_func
 219              	TIM2_IRQHandler:
 220              	.LFB74:
 193:Core/Src/stm32f1xx_it.c **** 
 194:Core/Src/stm32f1xx_it.c **** /******************************************************************************/
ARM GAS  C:\Users\WINDOW~1\AppData\Local\Temp\cc8ZHR6u.s 			page 8


 195:Core/Src/stm32f1xx_it.c **** /* STM32F1xx Peripheral Interrupt Handlers                                    */
 196:Core/Src/stm32f1xx_it.c **** /* Add here the Interrupt Handlers for the used peripherals.                  */
 197:Core/Src/stm32f1xx_it.c **** /* For the available peripheral interrupt handler names,                      */
 198:Core/Src/stm32f1xx_it.c **** /* please refer to the startup file (startup_stm32f1xx.s).                    */
 199:Core/Src/stm32f1xx_it.c **** /******************************************************************************/
 200:Core/Src/stm32f1xx_it.c **** 
 201:Core/Src/stm32f1xx_it.c **** /**
 202:Core/Src/stm32f1xx_it.c ****   * @brief This function handles TIM2 global interrupt.
 203:Core/Src/stm32f1xx_it.c ****   */
 204:Core/Src/stm32f1xx_it.c **** void TIM2_IRQHandler(void)
 205:Core/Src/stm32f1xx_it.c **** {
 221              		.loc 1 205 1 is_stmt 1 view -0
 222              		.cfi_startproc
 223              		@ args = 0, pretend = 0, frame = 0
 224              		@ frame_needed = 0, uses_anonymous_args = 0
 225 0000 08B5     		push	{r3, lr}
 226              	.LCFI1:
 227              		.cfi_def_cfa_offset 8
 228              		.cfi_offset 3, -8
 229              		.cfi_offset 14, -4
 206:Core/Src/stm32f1xx_it.c ****   /* USER CODE BEGIN TIM2_IRQn 0 */
 207:Core/Src/stm32f1xx_it.c **** 
 208:Core/Src/stm32f1xx_it.c ****   /* USER CODE END TIM2_IRQn 0 */
 209:Core/Src/stm32f1xx_it.c ****   HAL_TIM_IRQHandler(&htim2);
 230              		.loc 1 209 3 view .LVU28
 231 0002 0248     		ldr	r0, .L17
 232 0004 FFF7FEFF 		bl	HAL_TIM_IRQHandler
 233              	.LVL1:
 210:Core/Src/stm32f1xx_it.c ****   /* USER CODE BEGIN TIM2_IRQn 1 */
 211:Core/Src/stm32f1xx_it.c **** 
 212:Core/Src/stm32f1xx_it.c ****   /* USER CODE END TIM2_IRQn 1 */
 213:Core/Src/stm32f1xx_it.c **** }
 234              		.loc 1 213 1 is_stmt 0 view .LVU29
 235 0008 08BD     		pop	{r3, pc}
 236              	.L18:
 237 000a 00BF     		.align	2
 238              	.L17:
 239 000c 00000000 		.word	htim2
 240              		.cfi_endproc
 241              	.LFE74:
 243              		.section	.text.USART1_IRQHandler,"ax",%progbits
 244              		.align	1
 245              		.global	USART1_IRQHandler
 246              		.syntax unified
 247              		.thumb
 248              		.thumb_func
 250              	USART1_IRQHandler:
 251              	.LFB75:
 214:Core/Src/stm32f1xx_it.c **** 
 215:Core/Src/stm32f1xx_it.c **** /**
 216:Core/Src/stm32f1xx_it.c ****   * @brief This function handles USART1 global interrupt.
 217:Core/Src/stm32f1xx_it.c ****   */
 218:Core/Src/stm32f1xx_it.c **** void USART1_IRQHandler(void)
 219:Core/Src/stm32f1xx_it.c **** {
 252              		.loc 1 219 1 is_stmt 1 view -0
 253              		.cfi_startproc
 254              		@ args = 0, pretend = 0, frame = 0
ARM GAS  C:\Users\WINDOW~1\AppData\Local\Temp\cc8ZHR6u.s 			page 9


 255              		@ frame_needed = 0, uses_anonymous_args = 0
 256 0000 08B5     		push	{r3, lr}
 257              	.LCFI2:
 258              		.cfi_def_cfa_offset 8
 259              		.cfi_offset 3, -8
 260              		.cfi_offset 14, -4
 220:Core/Src/stm32f1xx_it.c ****   /* USER CODE BEGIN USART1_IRQn 0 */
 221:Core/Src/stm32f1xx_it.c **** 
 222:Core/Src/stm32f1xx_it.c ****   /* USER CODE END USART1_IRQn 0 */
 223:Core/Src/stm32f1xx_it.c ****   HAL_UART_IRQHandler(&huart1);
 261              		.loc 1 223 3 view .LVU31
 262 0002 0248     		ldr	r0, .L21
 263 0004 FFF7FEFF 		bl	HAL_UART_IRQHandler
 264              	.LVL2:
 224:Core/Src/stm32f1xx_it.c ****   /* USER CODE BEGIN USART1_IRQn 1 */
 225:Core/Src/stm32f1xx_it.c **** 
 226:Core/Src/stm32f1xx_it.c ****   /* USER CODE END USART1_IRQn 1 */
 227:Core/Src/stm32f1xx_it.c **** }
 265              		.loc 1 227 1 is_stmt 0 view .LVU32
 266 0008 08BD     		pop	{r3, pc}
 267              	.L22:
 268 000a 00BF     		.align	2
 269              	.L21:
 270 000c 00000000 		.word	huart1
 271              		.cfi_endproc
 272              	.LFE75:
 274              		.text
 275              	.Letext0:
 276              		.file 2 "c:\\tools\\gcc-arm-none-eabi-10.3-2021.10\\arm-none-eabi\\include\\machine\\_default_type
 277              		.file 3 "c:\\tools\\gcc-arm-none-eabi-10.3-2021.10\\arm-none-eabi\\include\\sys\\_stdint.h"
 278              		.file 4 "Drivers/CMSIS/Device/ST/STM32F1xx/Include/stm32f103xb.h"
 279              		.file 5 "Drivers/STM32F1xx_HAL_Driver/Inc/stm32f1xx_hal_def.h"
 280              		.file 6 "Drivers/STM32F1xx_HAL_Driver/Inc/stm32f1xx_hal_dma.h"
 281              		.file 7 "Drivers/STM32F1xx_HAL_Driver/Inc/stm32f1xx_hal_tim.h"
 282              		.file 8 "Drivers/STM32F1xx_HAL_Driver/Inc/stm32f1xx_hal_uart.h"
 283              		.file 9 "Drivers/STM32F1xx_HAL_Driver/Inc/stm32f1xx_hal.h"
ARM GAS  C:\Users\WINDOW~1\AppData\Local\Temp\cc8ZHR6u.s 			page 10


DEFINED SYMBOLS
                            *ABS*:00000000 stm32f1xx_it.c
C:\Users\WINDOW~1\AppData\Local\Temp\cc8ZHR6u.s:18     .text.NMI_Handler:00000000 $t
C:\Users\WINDOW~1\AppData\Local\Temp\cc8ZHR6u.s:24     .text.NMI_Handler:00000000 NMI_Handler
C:\Users\WINDOW~1\AppData\Local\Temp\cc8ZHR6u.s:38     .text.HardFault_Handler:00000000 $t
C:\Users\WINDOW~1\AppData\Local\Temp\cc8ZHR6u.s:44     .text.HardFault_Handler:00000000 HardFault_Handler
C:\Users\WINDOW~1\AppData\Local\Temp\cc8ZHR6u.s:61     .text.MemManage_Handler:00000000 $t
C:\Users\WINDOW~1\AppData\Local\Temp\cc8ZHR6u.s:67     .text.MemManage_Handler:00000000 MemManage_Handler
C:\Users\WINDOW~1\AppData\Local\Temp\cc8ZHR6u.s:84     .text.BusFault_Handler:00000000 $t
C:\Users\WINDOW~1\AppData\Local\Temp\cc8ZHR6u.s:90     .text.BusFault_Handler:00000000 BusFault_Handler
C:\Users\WINDOW~1\AppData\Local\Temp\cc8ZHR6u.s:107    .text.UsageFault_Handler:00000000 $t
C:\Users\WINDOW~1\AppData\Local\Temp\cc8ZHR6u.s:113    .text.UsageFault_Handler:00000000 UsageFault_Handler
C:\Users\WINDOW~1\AppData\Local\Temp\cc8ZHR6u.s:130    .text.SVC_Handler:00000000 $t
C:\Users\WINDOW~1\AppData\Local\Temp\cc8ZHR6u.s:136    .text.SVC_Handler:00000000 SVC_Handler
C:\Users\WINDOW~1\AppData\Local\Temp\cc8ZHR6u.s:149    .text.DebugMon_Handler:00000000 $t
C:\Users\WINDOW~1\AppData\Local\Temp\cc8ZHR6u.s:155    .text.DebugMon_Handler:00000000 DebugMon_Handler
C:\Users\WINDOW~1\AppData\Local\Temp\cc8ZHR6u.s:168    .text.PendSV_Handler:00000000 $t
C:\Users\WINDOW~1\AppData\Local\Temp\cc8ZHR6u.s:174    .text.PendSV_Handler:00000000 PendSV_Handler
C:\Users\WINDOW~1\AppData\Local\Temp\cc8ZHR6u.s:187    .text.SysTick_Handler:00000000 $t
C:\Users\WINDOW~1\AppData\Local\Temp\cc8ZHR6u.s:193    .text.SysTick_Handler:00000000 SysTick_Handler
C:\Users\WINDOW~1\AppData\Local\Temp\cc8ZHR6u.s:213    .text.TIM2_IRQHandler:00000000 $t
C:\Users\WINDOW~1\AppData\Local\Temp\cc8ZHR6u.s:219    .text.TIM2_IRQHandler:00000000 TIM2_IRQHandler
C:\Users\WINDOW~1\AppData\Local\Temp\cc8ZHR6u.s:239    .text.TIM2_IRQHandler:0000000c $d
C:\Users\WINDOW~1\AppData\Local\Temp\cc8ZHR6u.s:244    .text.USART1_IRQHandler:00000000 $t
C:\Users\WINDOW~1\AppData\Local\Temp\cc8ZHR6u.s:250    .text.USART1_IRQHandler:00000000 USART1_IRQHandler
C:\Users\WINDOW~1\AppData\Local\Temp\cc8ZHR6u.s:270    .text.USART1_IRQHandler:0000000c $d

UNDEFINED SYMBOLS
HAL_IncTick
HAL_TIM_IRQHandler
htim2
HAL_UART_IRQHandler
huart1
